FUNCTION_NAME : 
/* COMPOUND: 20 */
DECLARATION_LIST : 
/* DECL: 51 */
@@@@@@@@@@@@@@@@@@@@@@@@@@@@@@
FUNCTION_NAME : 
/* STM: 54 */
DECLARATION_LIST : 
/* DECL: 51 */
@@@@@@@@@@@@@@@@@@@@@@@@@@@@@@
FUNCTION_NAME : 
/* STM: 55 */
DECLARATION_LIST : 
/* DECL: 50 */
/* DECL: 51 */
@@@@@@@@@@@@@@@@@@@@@@@@@@@@@@
FUNCTION_NAME : 
/* STM: 56 */
DECLARATION_LIST : 
/* DECL: 50 */
@@@@@@@@@@@@@@@@@@@@@@@@@@@@@@
FUNCTION_NAME : 
/* STM: 57 */
DECLARATION_LIST : 
/* DECL: 51 */
@@@@@@@@@@@@@@@@@@@@@@@@@@@@@@
FUNCTION_NAME : 
/* STM: 58 */
DECLARATION_LIST : 
/* DECL: 50 */
/* DECL: 51 */
@@@@@@@@@@@@@@@@@@@@@@@@@@@@@@
FUNCTION_NAME : 
/* STM: 59 */
DECLARATION_LIST : 
/* DECL: 48 */
@@@@@@@@@@@@@@@@@@@@@@@@@@@@@@
FUNCTION_NAME : 
/* STM: 51 */
DECLARATION_LIST : 
/* DECL: 49 */
@@@@@@@@@@@@@@@@@@@@@@@@@@@@@@
FUNCTION_NAME : 
/* COMPOUND: 21 */
DECLARATION_LIST : 
/* DECL: 50 */
@@@@@@@@@@@@@@@@@@@@@@@@@@@@@@
FUNCTION_NAME : 
/* STM: 53 */
DECLARATION_LIST : 
/* DECL: 48 */
/* DECL: 49 */
/* DECL: 51 */
@@@@@@@@@@@@@@@@@@@@@@@@@@@@@@
FUNCTION_NAME : 
/* STM: 52 */
DECLARATION_LIST : 
/* DECL: 49 */
/* DECL: 50 */
/* DECL: 51 */
@@@@@@@@@@@@@@@@@@@@@@@@@@@@@@
FUNCTION_NAME : 
/* STM: 66 */
DECLARATION_LIST : 
/* DECL: 52 */
@@@@@@@@@@@@@@@@@@@@@@@@@@@@@@
