declaration  double u [97];
__declaration_1__  double u [97];
decl_specifiers  double
repeat_0_decl_qualifier_or_type_specifier  double
decl_qualifier_or_type_specifier  double
type_specifier  double
simple_type_name  double
*literal  double
repeat_0_decl_qualifier_or_type_specifier  
empty  
empty  
list_0_init_declarator  u [97]
init_declarator  u [97]
declarator  u [97]
repeat_0_attribute_spec  
empty  
empty  
repeat_0_ptr_operator  
empty  
empty  
base_declarator  u
reference_id  u
id  u
SPON  
repeat_0_declarator_extension  [97]
declarator_extension  [97]
array_declarator_extension  [97]
*literal  [
opt__constant_expression  97
constant_expression  97
conditional_expression  97
logical_OR_expression  97
logical_AND_expression  97
inclusive_OR_expression  97
exclusive_OR_expression  97
AND_expression  97
equality_expression  97
relational_expression  97
shift_expression  97
additive_expression  97
multiplicative_expression  97
cast_expression  97
repeat_0_cast_operator  
empty  
empty  
unary_expression  97
repeat_0_pre_increment_operator  
empty  
empty  
sub_unary_expression  97
postfix_expression  97
primary  97
constant  97
number  97
SPOFF  
repeat_0_postfix_extension  
empty  
empty  
SPON  
SPON  
repeat_0_multipy_divide_cast_expression  
empty  
empty  
repeat_0_add_subtract_multiplicative_expression  
empty  
empty  
repeat_0_shift_additive_expression  
empty  
empty  
repeat_0_relational_shift_expression  
empty  
empty  
repeat_0_equality_relational_expression  
empty  
empty  
repeat_0_AND_equality_expression  
empty  
empty  
repeat_0_exclusive_OR_AND_expression  
empty  
empty  
repeat_0_OR_exclusive_OR_expression  
empty  
empty  
repeat_0_AND_inclusive_OR_expression  
empty  
empty  
repeat_0_OR_logical_AND_expression  
empty  
empty  
opt__conditional_operation  
empty  
*literal  ]
repeat_0_declarator_extension  
empty  
empty  
repeat_0_attribute_spec  
empty  
empty  
repeat_0_attributes_or_asm  
empty  
empty  
opt__initialization  
empty  
list_0_init_declarator  
empty  
empty  
semi  ;
*literal  ;
NL  
declaration  double c;
__declaration_1__  double c;
decl_specifiers  double
repeat_0_decl_qualifier_or_type_specifier  double
decl_qualifier_or_type_specifier  double
type_specifier  double
simple_type_name  double
*literal  double
repeat_0_decl_qualifier_or_type_specifier  
empty  
empty  
list_0_init_declarator  c
init_declarator  c
declarator  c
repeat_0_attribute_spec  
empty  
empty  
repeat_0_ptr_operator  
empty  
empty  
base_declarator  c
reference_id  c
id  c
SPON  
repeat_0_declarator_extension  
empty  
empty  
repeat_0_attribute_spec  
empty  
empty  
repeat_0_attributes_or_asm  
empty  
empty  
opt__initialization  
empty  
list_0_init_declarator  
empty  
empty  
semi  ;
*literal  ;
NL  
declaration  double cd;
__declaration_1__  double cd;
decl_specifiers  double
repeat_0_decl_qualifier_or_type_specifier  double
decl_qualifier_or_type_specifier  double
type_specifier  double
simple_type_name  double
*literal  double
repeat_0_decl_qualifier_or_type_specifier  
empty  
empty  
list_0_init_declarator  cd
init_declarator  cd
declarator  cd
repeat_0_attribute_spec  
empty  
empty  
repeat_0_ptr_operator  
empty  
empty  
base_declarator  cd
reference_id  cd
id  cd
SPON  
repeat_0_declarator_extension  
empty  
empty  
repeat_0_attribute_spec  
empty  
empty  
repeat_0_attributes_or_asm  
empty  
empty  
opt__initialization  
empty  
list_0_init_declarator  
empty  
empty  
semi  ;
*literal  ;
NL  
declaration  double cm;
__declaration_1__  double cm;
decl_specifiers  double
repeat_0_decl_qualifier_or_type_specifier  double
decl_qualifier_or_type_specifier  double
type_specifier  double
simple_type_name  double
*literal  double
repeat_0_decl_qualifier_or_type_specifier  
empty  
empty  
list_0_init_declarator  cm
init_declarator  cm
declarator  cm
repeat_0_attribute_spec  
empty  
empty  
repeat_0_ptr_operator  
empty  
empty  
base_declarator  cm
reference_id  cm
id  cm
SPON  
repeat_0_declarator_extension  
empty  
empty  
repeat_0_attribute_spec  
empty  
empty  
repeat_0_attributes_or_asm  
empty  
empty  
opt__initialization  
empty  
list_0_init_declarator  
empty  
empty  
semi  ;
*literal  ;
NL  
declaration  int i97;
__declaration_1__  int i97;
decl_specifiers  int
repeat_0_decl_qualifier_or_type_specifier  int
decl_qualifier_or_type_specifier  int
type_specifier  int
simple_type_name  int
*literal  int
repeat_0_decl_qualifier_or_type_specifier  
empty  
empty  
list_0_init_declarator  i97
init_declarator  i97
declarator  i97
repeat_0_attribute_spec  
empty  
empty  
repeat_0_ptr_operator  
empty  
empty  
base_declarator  i97
reference_id  i97
id  i97
SPON  
repeat_0_declarator_extension  
empty  
empty  
repeat_0_attribute_spec  
empty  
empty  
repeat_0_attributes_or_asm  
empty  
empty  
opt__initialization  
empty  
list_0_init_declarator  
empty  
empty  
semi  ;
*literal  ;
NL  
declaration  int j97;
__declaration_1__  int j97;
decl_specifiers  int
repeat_0_decl_qualifier_or_type_specifier  int
decl_qualifier_or_type_specifier  int
type_specifier  int
simple_type_name  int
*literal  int
repeat_0_decl_qualifier_or_type_specifier  
empty  
empty  
list_0_init_declarator  j97
init_declarator  j97
declarator  j97
repeat_0_attribute_spec  
empty  
empty  
repeat_0_ptr_operator  
empty  
empty  
base_declarator  j97
reference_id  j97
id  j97
SPON  
repeat_0_declarator_extension  
empty  
empty  
repeat_0_attribute_spec  
empty  
empty  
repeat_0_attributes_or_asm  
empty  
empty  
opt__initialization  
empty  
list_0_init_declarator  
empty  
empty  
semi  ;
*literal  ;
NL  
declaration  int test = FALSE;
__declaration_1__  int test = FALSE;
decl_specifiers  int
repeat_0_decl_qualifier_or_type_specifier  int
decl_qualifier_or_type_specifier  int
type_specifier  int
simple_type_name  int
*literal  int
repeat_0_decl_qualifier_or_type_specifier  
empty  
empty  
list_0_init_declarator  test = FALSE
init_declarator  test = FALSE
declarator  test
repeat_0_attribute_spec  
empty  
empty  
repeat_0_ptr_operator  
empty  
empty  
base_declarator  test
reference_id  test
id  test
SPON  
repeat_0_declarator_extension  
empty  
empty  
repeat_0_attribute_spec  
empty  
empty  
repeat_0_attributes_or_asm  
empty  
empty  
opt__initialization  = FALSE
initialization  = FALSE
__initialization_1__  = FALSE
opt__initdata  
empty  
*literal  =
initializer  FALSE
__initializer_1__  FALSE
repeat_0_preprocessor  
empty  
empty  
repeat_0_initializer_unit  FALSE
initializer_unit  FALSE
assignment_expression  FALSE
conditional_expression  FALSE
logical_OR_expression  FALSE
logical_AND_expression  FALSE
inclusive_OR_expression  FALSE
exclusive_OR_expression  FALSE
AND_expression  FALSE
equality_expression  FALSE
relational_expression  FALSE
shift_expression  FALSE
additive_expression  FALSE
multiplicative_expression  FALSE
cast_expression  FALSE
repeat_0_cast_operator  
empty  
empty  
unary_expression  FALSE
repeat_0_pre_increment_operator  
empty  
empty  
sub_unary_expression  FALSE
postfix_expression  FALSE
primary  FALSE
reference_id  FALSE
id  FALSE
SPOFF  
repeat_0_postfix_extension  
empty  
empty  
SPON  
SPON  
repeat_0_multipy_divide_cast_expression  
empty  
empty  
repeat_0_add_subtract_multiplicative_expression  
empty  
empty  
repeat_0_shift_additive_expression  
empty  
empty  
repeat_0_relational_shift_expression  
empty  
empty  
repeat_0_equality_relational_expression  
empty  
empty  
repeat_0_AND_equality_expression  
empty  
empty  
repeat_0_exclusive_OR_AND_expression  
empty  
empty  
repeat_0_OR_exclusive_OR_expression  
empty  
empty  
repeat_0_AND_inclusive_OR_expression  
empty  
empty  
repeat_0_OR_logical_AND_expression  
empty  
empty  
opt__conditional_operation  
empty  
repeat_0_initializer_unit  
empty  
empty  
list_0_init_declarator  
empty  
empty  
semi  ;
*literal  ;
NL  
declaration  double scale0;
__declaration_1__  double scale0;
decl_specifiers  double
repeat_0_decl_qualifier_or_type_specifier  double
decl_qualifier_or_type_specifier  double
type_specifier  double
simple_type_name  double
*literal  double
repeat_0_decl_qualifier_or_type_specifier  
empty  
empty  
list_0_init_declarator  scale0
init_declarator  scale0
declarator  scale0
repeat_0_attribute_spec  
empty  
empty  
repeat_0_ptr_operator  
empty  
empty  
base_declarator  scale0
reference_id  scale0
id  scale0
SPON  
repeat_0_declarator_extension  
empty  
empty  
repeat_0_attribute_spec  
empty  
empty  
repeat_0_attributes_or_asm  
empty  
empty  
opt__initialization  
empty  
list_0_init_declarator  
empty  
empty  
semi  ;
*literal  ;
NL  
declaration  double scale;
__declaration_1__  double scale;
decl_specifiers  double
repeat_0_decl_qualifier_or_type_specifier  double
decl_qualifier_or_type_specifier  double
type_specifier  double
simple_type_name  double
*literal  double
repeat_0_decl_qualifier_or_type_specifier  
empty  
empty  
list_0_init_declarator  scale
init_declarator  scale
declarator  scale
repeat_0_attribute_spec  
empty  
empty  
repeat_0_ptr_operator  
empty  
empty  
base_declarator  scale
reference_id  scale
id  scale
SPON  
repeat_0_declarator_extension  
empty  
empty  
repeat_0_attribute_spec  
empty  
empty  
repeat_0_attributes_or_asm  
empty  
empty  
opt__initialization  
empty  
list_0_init_declarator  
empty  
empty  
semi  ;
*literal  ;
NL  
declaration  double N_d;
__declaration_1__  double N_d;
decl_specifiers  double
repeat_0_decl_qualifier_or_type_specifier  double
decl_qualifier_or_type_specifier  double
type_specifier  double
simple_type_name  double
*literal  double
repeat_0_decl_qualifier_or_type_specifier  
empty  
empty  
list_0_init_declarator  N_d
init_declarator  N_d
declarator  N_d
repeat_0_attribute_spec  
empty  
empty  
repeat_0_ptr_operator  
empty  
empty  
base_declarator  N_d
reference_id  N_d
id  N_d
SPON  
repeat_0_declarator_extension  
empty  
empty  
repeat_0_attribute_spec  
empty  
empty  
repeat_0_attributes_or_asm  
empty  
empty  
opt__initialization  
empty  
list_0_init_declarator  
empty  
empty  
semi  ;
*literal  ;
NL  
declaration  int N;
__declaration_1__  int N;
decl_specifiers  int N
repeat_0_decl_qualifier_or_type_specifier  int N
decl_qualifier_or_type_specifier  int
type_specifier  int
simple_type_name  int
*literal  int
repeat_0_decl_qualifier_or_type_specifier  N
decl_qualifier_or_type_specifier  N
decl_qualifier  N
type_qualifier  N
cv_qualifier  N
upper_macro_name  N
upperlowerid  N
repeat_0_decl_qualifier_or_type_specifier  
empty  
empty  
list_0_init_declarator  
empty  
empty  
semi  ;
*literal  ;
NL  
